Content-Type: multipart/alternative;
 boundary="===============1507804831467863325=="
MIME-Version: 1.0
Subject: Profile activation
From: test@example.com
To: demo@gmail.com
Date: Mon, 24 Sep 2018 04:42:39 -0000
Message-ID: <153776415935.2964.7336875595391033711@riddhi-G7-7588>

--===============1507804831467863325==
Content-Type: text/plain; charset="utf-8"
MIME-Version: 1.0
Content-Transfer-Encoding: 7bit



To activate your profile, please follow this link:

http://127.0.0.1:8000/accounts/activate/x5uYzHNCbmd8LGafzfOq/

--===============1507804831467863325==
Content-Type: text/html; charset="utf-8"
MIME-Version: 1.0
Content-Transfer-Encoding: 7bit



<!DOCTYPE html PUBLIC "-//W3C//DTD XHTML 1.0 Transitional//EN"
        "http://www.w3.org/TR/xhtml1/DTD/xhtml1-transitional.dtd">
<html xmlns="http://www.w3.org/1999/xhtml">
<head>
    <meta http-equiv="Content-Type" content="text/html; charset=UTF-8"/>
    <title>Profile activation</title>
    <meta name="viewport" content="width=device-width, initial-scale=1.0"/>
</head>

<body>

<p>
    To activate your profile, please follow this link:
</p>

<p>
    <a href="http://127.0.0.1:8000/accounts/activate/x5uYzHNCbmd8LGafzfOq/">http://127.0.0.1:8000/accounts/activate/x5uYzHNCbmd8LGafzfOq/</a>
</p>

</body>

</html>

--===============1507804831467863325==--

-------------------------------------------------------------------------------
